{"/home/jahid/workspace/devops-frontend/eslint.config.js": {"path":"/home/jahid/workspace/devops-frontend/eslint.config.js","all":true,"statementMap":{"0":{"start":{"line":1,"column":0},"end":{"line":1,"column":27}},"1":{"start":{"line":2,"column":0},"end":{"line":2,"column":29}},"2":{"start":{"line":3,"column":0},"end":{"line":3,"column":50}},"3":{"start":{"line":4,"column":0},"end":{"line":4,"column":54}},"4":{"start":{"line":5,"column":0},"end":{"line":5,"column":40}},"5":{"start":{"line":6,"column":0},"end":{"line":6,"column":45}},"7":{"start":{"line":8,"column":0},"end":{"line":8,"column":32}},"8":{"start":{"line":9,"column":0},"end":{"line":9,"column":3}},"9":{"start":{"line":10,"column":0},"end":{"line":10,"column":50}},"10":{"start":{"line":11,"column":0},"end":{"line":11,"column":4}},"11":{"start":{"line":12,"column":0},"end":{"line":12,"column":3}},"12":{"start":{"line":13,"column":0},"end":{"line":13,"column":29}},"13":{"start":{"line":14,"column":0},"end":{"line":14,"column":14}},"14":{"start":{"line":15,"column":0},"end":{"line":15,"column":29}},"15":{"start":{"line":16,"column":0},"end":{"line":16,"column":38}},"16":{"start":{"line":17,"column":0},"end":{"line":17,"column":15}},"17":{"start":{"line":18,"column":0},"end":{"line":18,"column":6}},"18":{"start":{"line":19,"column":0},"end":{"line":19,"column":22}},"19":{"start":{"line":20,"column":0},"end":{"line":20,"column":24}},"20":{"start":{"line":21,"column":0},"end":{"line":21,"column":16}},"21":{"start":{"line":22,"column":0},"end":{"line":22,"column":27}},"22":{"start":{"line":23,"column":0},"end":{"line":23,"column":26}},"23":{"start":{"line":24,"column":0},"end":{"line":24,"column":8}},"24":{"start":{"line":25,"column":0},"end":{"line":25,"column":6}},"25":{"start":{"line":26,"column":0},"end":{"line":26,"column":14}},"26":{"start":{"line":27,"column":0},"end":{"line":27,"column":32}},"27":{"start":{"line":28,"column":0},"end":{"line":28,"column":36}},"28":{"start":{"line":29,"column":0},"end":{"line":29,"column":6}},"29":{"start":{"line":30,"column":0},"end":{"line":30,"column":12}},"30":{"start":{"line":31,"column":0},"end":{"line":31,"column":46}},"31":{"start":{"line":32,"column":0},"end":{"line":32,"column":47}},"32":{"start":{"line":33,"column":0},"end":{"line":33,"column":15}},"33":{"start":{"line":34,"column":0},"end":{"line":34,"column":38}},"34":{"start":{"line":35,"column":0},"end":{"line":35,"column":8}},"35":{"start":{"line":36,"column":0},"end":{"line":36,"column":44}},"36":{"start":{"line":37,"column":0},"end":{"line":37,"column":15}},"37":{"start":{"line":38,"column":0},"end":{"line":38,"column":36}},"38":{"start":{"line":39,"column":0},"end":{"line":39,"column":8}},"39":{"start":{"line":40,"column":0},"end":{"line":40,"column":64}},"40":{"start":{"line":41,"column":0},"end":{"line":41,"column":65}},"41":{"start":{"line":42,"column":0},"end":{"line":42,"column":51}},"42":{"start":{"line":43,"column":0},"end":{"line":43,"column":29}},"43":{"start":{"line":44,"column":0},"end":{"line":44,"column":59}},"44":{"start":{"line":45,"column":0},"end":{"line":45,"column":6}},"45":{"start":{"line":46,"column":0},"end":{"line":46,"column":4}},"46":{"start":{"line":47,"column":0},"end":{"line":47,"column":3}},"47":{"start":{"line":48,"column":0},"end":{"line":48,"column":56}},"48":{"start":{"line":49,"column":0},"end":{"line":49,"column":22}},"49":{"start":{"line":50,"column":0},"end":{"line":50,"column":16}},"50":{"start":{"line":51,"column":0},"end":{"line":51,"column":27}},"51":{"start":{"line":52,"column":0},"end":{"line":52,"column":24}},"52":{"start":{"line":53,"column":0},"end":{"line":53,"column":23}},"53":{"start":{"line":54,"column":0},"end":{"line":54,"column":29}},"54":{"start":{"line":55,"column":0},"end":{"line":55,"column":23}},"55":{"start":{"line":56,"column":0},"end":{"line":56,"column":27}},"56":{"start":{"line":57,"column":0},"end":{"line":57,"column":31}},"57":{"start":{"line":58,"column":0},"end":{"line":58,"column":30}},"58":{"start":{"line":59,"column":0},"end":{"line":59,"column":30}},"59":{"start":{"line":60,"column":0},"end":{"line":60,"column":29}},"60":{"start":{"line":61,"column":0},"end":{"line":61,"column":8}},"61":{"start":{"line":62,"column":0},"end":{"line":62,"column":6}},"62":{"start":{"line":63,"column":0},"end":{"line":63,"column":12}},"63":{"start":{"line":64,"column":0},"end":{"line":64,"column":50}},"64":{"start":{"line":65,"column":0},"end":{"line":65,"column":6}},"65":{"start":{"line":66,"column":0},"end":{"line":66,"column":4}},"66":{"start":{"line":67,"column":0},"end":{"line":67,"column":3}}},"s":{"0":0,"1":0,"2":0,"3":0,"4":0,"5":0,"7":0,"8":0,"9":0,"10":0,"11":0,"12":0,"13":0,"14":0,"15":0,"16":0,"17":0,"18":0,"19":0,"20":0,"21":0,"22":0,"23":0,"24":0,"25":0,"26":0,"27":0,"28":0,"29":0,"30":0,"31":0,"32":0,"33":0,"34":0,"35":0,"36":0,"37":0,"38":0,"39":0,"40":0,"41":0,"42":0,"43":0,"44":0,"45":0,"46":0,"47":0,"48":0,"49":0,"50":0,"51":0,"52":0,"53":0,"54":0,"55":0,"56":0,"57":0,"58":0,"59":0,"60":0,"61":0,"62":0,"63":0,"64":0,"65":0,"66":0},"branchMap":{"0":{"type":"branch","line":1,"loc":{"start":{"line":1,"column":1757},"end":{"line":67,"column":3}},"locations":[{"start":{"line":1,"column":1757},"end":{"line":67,"column":3}}]}},"b":{"0":[0]},"fnMap":{"0":{"name":"(empty-report)","decl":{"start":{"line":1,"column":1757},"end":{"line":67,"column":3}},"loc":{"start":{"line":1,"column":1757},"end":{"line":67,"column":3}},"line":1}},"f":{"0":0}}
,"/home/jahid/workspace/devops-frontend/vite.config.ts": {"path":"/home/jahid/workspace/devops-frontend/vite.config.ts","all":true,"statementMap":{"0":{"start":{"line":1,"column":0},"end":{"line":1,"column":35}},"1":{"start":{"line":2,"column":0},"end":{"line":2,"column":40}},"2":{"start":{"line":3,"column":0},"end":{"line":3,"column":43}},"5":{"start":{"line":6,"column":0},"end":{"line":6,"column":29}},"6":{"start":{"line":7,"column":0},"end":{"line":7,"column":36}},"7":{"start":{"line":8,"column":0},"end":{"line":8,"column":2}}},"s":{"0":0,"1":0,"2":0,"5":0,"6":0,"7":0},"branchMap":{"0":{"type":"branch","line":1,"loc":{"start":{"line":1,"column":219},"end":{"line":8,"column":2}},"locations":[{"start":{"line":1,"column":219},"end":{"line":8,"column":2}}]}},"b":{"0":[0]},"fnMap":{"0":{"name":"(empty-report)","decl":{"start":{"line":1,"column":219},"end":{"line":8,"column":2}},"loc":{"start":{"line":1,"column":219},"end":{"line":8,"column":2}},"line":1}},"f":{"0":0}}
,"/home/jahid/workspace/devops-frontend/vitest.config.ts": {"path":"/home/jahid/workspace/devops-frontend/vitest.config.ts","all":true,"statementMap":{"1":{"start":{"line":2,"column":0},"end":{"line":2,"column":35}},"2":{"start":{"line":3,"column":0},"end":{"line":3,"column":40}},"4":{"start":{"line":5,"column":0},"end":{"line":5,"column":29}},"5":{"start":{"line":6,"column":0},"end":{"line":6,"column":21}},"6":{"start":{"line":7,"column":0},"end":{"line":7,"column":9}},"7":{"start":{"line":8,"column":0},"end":{"line":8,"column":18}},"8":{"start":{"line":9,"column":0},"end":{"line":9,"column":25}},"9":{"start":{"line":10,"column":0},"end":{"line":10,"column":40}},"10":{"start":{"line":11,"column":0},"end":{"line":11,"column":14}},"11":{"start":{"line":12,"column":0},"end":{"line":12,"column":15}},"12":{"start":{"line":13,"column":0},"end":{"line":13,"column":21}},"13":{"start":{"line":14,"column":0},"end":{"line":14,"column":41}},"14":{"start":{"line":15,"column":0},"end":{"line":15,"column":16}},"15":{"start":{"line":16,"column":0},"end":{"line":16,"column":24}},"16":{"start":{"line":17,"column":0},"end":{"line":17,"column":20}},"17":{"start":{"line":18,"column":0},"end":{"line":18,"column":8}},"18":{"start":{"line":19,"column":0},"end":{"line":19,"column":6}},"19":{"start":{"line":20,"column":0},"end":{"line":20,"column":4}},"20":{"start":{"line":21,"column":0},"end":{"line":21,"column":2}}},"s":{"1":0,"2":0,"4":0,"5":0,"6":0,"7":0,"8":0,"9":0,"10":0,"11":0,"12":0,"13":0,"14":0,"15":0,"16":0,"17":0,"18":0,"19":0,"20":0},"branchMap":{"0":{"type":"branch","line":1,"loc":{"start":{"line":1,"column":440},"end":{"line":21,"column":2}},"locations":[{"start":{"line":1,"column":440},"end":{"line":21,"column":2}}]}},"b":{"0":[1]},"fnMap":{"0":{"name":"(empty-report)","decl":{"start":{"line":1,"column":440},"end":{"line":21,"column":2}},"loc":{"start":{"line":1,"column":440},"end":{"line":21,"column":2}},"line":1}},"f":{"0":1}}
,"/home/jahid/workspace/devops-frontend/dist/assets/index-CTEjPe9s.js": {"path":"/home/jahid/workspace/devops-frontend/dist/assets/index-CTEjPe9s.js","all":true,"statementMap":{"0":{"start":{"line":1,"column":0},"end":{"line":1,"column":739}},"1":{"start":{"line":2,"column":0},"end":{"line":2,"column":17}},"2":{"start":{"line":3,"column":0},"end":{"line":3,"column":34}},"3":{"start":{"line":4,"column":0},"end":{"line":4,"column":2}},"4":{"start":{"line":5,"column":0},"end":{"line":5,"column":53}},"5":{"start":{"line":6,"column":0},"end":{"line":6,"column":2}},"6":{"start":{"line":7,"column":0},"end":{"line":7,"column":66}},"7":{"start":{"line":8,"column":0},"end":{"line":8,"column":58}},"8":{"start":{"line":9,"column":0},"end":{"line":9,"column":487}},"9":{"start":{"line":10,"column":0},"end":{"line":10,"column":17}},"10":{"start":{"line":11,"column":0},"end":{"line":11,"column":22}},"11":{"start":{"line":12,"column":0},"end":{"line":12,"column":2}},"12":{"start":{"line":13,"column":0},"end":{"line":13,"column":53}},"13":{"start":{"line":14,"column":0},"end":{"line":14,"column":2}},"14":{"start":{"line":15,"column":0},"end":{"line":15,"column":66}},"15":{"start":{"line":16,"column":0},"end":{"line":16,"column":58}},"16":{"start":{"line":17,"column":0},"end":{"line":17,"column":7766}},"17":{"start":{"line":18,"column":0},"end":{"line":18,"column":17}},"18":{"start":{"line":19,"column":0},"end":{"line":19,"column":26}},"19":{"start":{"line":20,"column":0},"end":{"line":20,"column":2}},"20":{"start":{"line":21,"column":0},"end":{"line":21,"column":53}},"21":{"start":{"line":22,"column":0},"end":{"line":22,"column":2}},"22":{"start":{"line":23,"column":0},"end":{"line":23,"column":66}},"23":{"start":{"line":24,"column":0},"end":{"line":24,"column":58}},"24":{"start":{"line":25,"column":0},"end":{"line":25,"column":3735}},"25":{"start":{"line":26,"column":0},"end":{"line":26,"column":17}},"26":{"start":{"line":27,"column":0},"end":{"line":27,"column":26}},"27":{"start":{"line":28,"column":0},"end":{"line":28,"column":2}},"28":{"start":{"line":29,"column":0},"end":{"line":29,"column":53}},"29":{"start":{"line":30,"column":0},"end":{"line":30,"column":2}},"30":{"start":{"line":31,"column":0},"end":{"line":31,"column":66}},"31":{"start":{"line":32,"column":0},"end":{"line":32,"column":58}},"32":{"start":{"line":33,"column":0},"end":{"line":33,"column":3618}},"33":{"start":{"line":34,"column":0},"end":{"line":34,"column":17}},"34":{"start":{"line":35,"column":0},"end":{"line":35,"column":33}},"35":{"start":{"line":36,"column":0},"end":{"line":36,"column":2}},"36":{"start":{"line":37,"column":0},"end":{"line":37,"column":53}},"37":{"start":{"line":38,"column":0},"end":{"line":38,"column":2}},"38":{"start":{"line":39,"column":0},"end":{"line":39,"column":66}},"39":{"start":{"line":40,"column":0},"end":{"line":40,"column":58}},"40":{"start":{"line":41,"column":0},"end":{"line":41,"column":10203}},"41":{"start":{"line":42,"column":0},"end":{"line":42,"column":75}},"42":{"start":{"line":43,"column":0},"end":{"line":43,"column":985}},"43":{"start":{"line":44,"column":0},"end":{"line":44,"column":14}},"44":{"start":{"line":45,"column":0},"end":{"line":45,"column":328}},"45":{"start":{"line":46,"column":0},"end":{"line":46,"column":633}},"46":{"start":{"line":47,"column":0},"end":{"line":47,"column":37}},"47":{"start":{"line":48,"column":0},"end":{"line":48,"column":122766}},"48":{"start":{"line":49,"column":0},"end":{"line":49,"column":46161}}},"s":{"0":0,"1":0,"2":0,"3":0,"4":0,"5":0,"6":0,"7":0,"8":0,"9":0,"10":0,"11":0,"12":0,"13":0,"14":0,"15":0,"16":0,"17":0,"18":0,"19":0,"20":0,"21":0,"22":0,"23":0,"24":0,"25":0,"26":0,"27":0,"28":0,"29":0,"30":0,"31":0,"32":0,"33":0,"34":0,"35":0,"36":0,"37":0,"38":0,"39":0,"40":0,"41":0,"42":0,"43":0,"44":0,"45":0,"46":0,"47":0,"48":0},"branchMap":{"0":{"type":"branch","line":1,"loc":{"start":{"line":1,"column":0},"end":{"line":49,"column":45785}},"locations":[{"start":{"line":1,"column":0},"end":{"line":49,"column":45785}}]}},"b":{"0":[0]},"fnMap":{"0":{"name":"(empty-report)","decl":{"start":{"line":1,"column":0},"end":{"line":49,"column":45785}},"loc":{"start":{"line":1,"column":0},"end":{"line":49,"column":45785}},"line":1}},"f":{"0":0}}
,"/home/jahid/workspace/devops-frontend/src/App.tsx": {"path":"/home/jahid/workspace/devops-frontend/src/App.tsx","all":false,"statementMap":{"0":{"start":{"line":1,"column":0},"end":{"line":1,"column":33}},"1":{"start":{"line":2,"column":0},"end":{"line":2,"column":55}},"2":{"start":{"line":3,"column":0},"end":{"line":3,"column":57}},"3":{"start":{"line":4,"column":0},"end":{"line":4,"column":55}},"4":{"start":{"line":5,"column":0},"end":{"line":5,"column":75}},"5":{"start":{"line":6,"column":0},"end":{"line":6,"column":56}},"6":{"start":{"line":7,"column":0},"end":{"line":7,"column":54}},"9":{"start":{"line":10,"column":0},"end":{"line":10,"column":16}},"10":{"start":{"line":11,"column":0},"end":{"line":11,"column":75}},"11":{"start":{"line":12,"column":0},"end":{"line":12,"column":21}},"12":{"start":{"line":13,"column":0},"end":{"line":13,"column":73}},"14":{"start":{"line":15,"column":0},"end":{"line":15,"column":64}},"16":{"start":{"line":17,"column":0},"end":{"line":17,"column":40}},"17":{"start":{"line":18,"column":0},"end":{"line":18,"column":69}},"18":{"start":{"line":19,"column":0},"end":{"line":19,"column":6}},"20":{"start":{"line":21,"column":0},"end":{"line":21,"column":22}},"21":{"start":{"line":22,"column":0},"end":{"line":22,"column":24}},"22":{"start":{"line":23,"column":0},"end":{"line":23,"column":12}},"23":{"start":{"line":24,"column":0},"end":{"line":24,"column":55}},"24":{"start":{"line":25,"column":0},"end":{"line":25,"column":5}},"25":{"start":{"line":26,"column":0},"end":{"line":26,"column":4}},"27":{"start":{"line":28,"column":0},"end":{"line":28,"column":10}},"28":{"start":{"line":29,"column":0},"end":{"line":29,"column":79}},"29":{"start":{"line":30,"column":0},"end":{"line":30,"column":51}},"31":{"start":{"line":32,"column":0},"end":{"line":32,"column":45}},"32":{"start":{"line":33,"column":0},"end":{"line":33,"column":64}},"34":{"start":{"line":35,"column":0},"end":{"line":35,"column":15}},"35":{"start":{"line":36,"column":0},"end":{"line":36,"column":44}},"37":{"start":{"line":38,"column":0},"end":{"line":38,"column":14}},"39":{"start":{"line":40,"column":0},"end":{"line":40,"column":71}},"40":{"start":{"line":41,"column":0},"end":{"line":41,"column":19}},"41":{"start":{"line":42,"column":0},"end":{"line":42,"column":35}},"42":{"start":{"line":43,"column":0},"end":{"line":43,"column":32}},"43":{"start":{"line":44,"column":0},"end":{"line":44,"column":177}},"45":{"start":{"line":46,"column":0},"end":{"line":46,"column":61}},"47":{"start":{"line":48,"column":0},"end":{"line":48,"column":21}},"49":{"start":{"line":50,"column":0},"end":{"line":50,"column":53}},"50":{"start":{"line":51,"column":0},"end":{"line":51,"column":65}},"51":{"start":{"line":52,"column":0},"end":{"line":52,"column":21}},"52":{"start":{"line":53,"column":0},"end":{"line":53,"column":30}},"53":{"start":{"line":54,"column":0},"end":{"line":54,"column":73}},"55":{"start":{"line":56,"column":0},"end":{"line":56,"column":110}},"56":{"start":{"line":57,"column":0},"end":{"line":57,"column":15}},"57":{"start":{"line":58,"column":0},"end":{"line":58,"column":34}},"58":{"start":{"line":59,"column":0},"end":{"line":59,"column":23}},"59":{"start":{"line":60,"column":0},"end":{"line":60,"column":18}},"60":{"start":{"line":61,"column":0},"end":{"line":61,"column":16}},"61":{"start":{"line":62,"column":0},"end":{"line":62,"column":17}},"64":{"start":{"line":65,"column":0},"end":{"line":65,"column":49}},"67":{"start":{"line":68,"column":0},"end":{"line":68,"column":63}},"69":{"start":{"line":70,"column":0},"end":{"line":70,"column":41}},"70":{"start":{"line":71,"column":0},"end":{"line":71,"column":52}},"71":{"start":{"line":72,"column":0},"end":{"line":72,"column":69}},"72":{"start":{"line":73,"column":0},"end":{"line":73,"column":45}},"73":{"start":{"line":74,"column":0},"end":{"line":74,"column":71}},"74":{"start":{"line":75,"column":0},"end":{"line":75,"column":74}},"75":{"start":{"line":76,"column":0},"end":{"line":76,"column":22}},"76":{"start":{"line":77,"column":0},"end":{"line":77,"column":20}},"77":{"start":{"line":78,"column":0},"end":{"line":78,"column":25}},"78":{"start":{"line":79,"column":0},"end":{"line":79,"column":68}},"80":{"start":{"line":81,"column":0},"end":{"line":81,"column":69}},"81":{"start":{"line":82,"column":0},"end":{"line":82,"column":42}},"82":{"start":{"line":83,"column":0},"end":{"line":83,"column":30}},"83":{"start":{"line":84,"column":0},"end":{"line":84,"column":33}},"84":{"start":{"line":85,"column":0},"end":{"line":85,"column":31}},"85":{"start":{"line":86,"column":0},"end":{"line":86,"column":41}},"86":{"start":{"line":87,"column":0},"end":{"line":87,"column":43}},"87":{"start":{"line":88,"column":0},"end":{"line":88,"column":20}},"88":{"start":{"line":89,"column":0},"end":{"line":89,"column":19}},"89":{"start":{"line":90,"column":0},"end":{"line":90,"column":46}},"90":{"start":{"line":91,"column":0},"end":{"line":91,"column":81}},"91":{"start":{"line":92,"column":0},"end":{"line":92,"column":59}},"92":{"start":{"line":93,"column":0},"end":{"line":93,"column":66}},"93":{"start":{"line":94,"column":0},"end":{"line":94,"column":43}},"95":{"start":{"line":96,"column":0},"end":{"line":96,"column":24}},"96":{"start":{"line":97,"column":0},"end":{"line":97,"column":24}},"98":{"start":{"line":99,"column":0},"end":{"line":99,"column":20}},"100":{"start":{"line":101,"column":0},"end":{"line":101,"column":16}},"103":{"start":{"line":104,"column":0},"end":{"line":104,"column":41}},"104":{"start":{"line":105,"column":0},"end":{"line":105,"column":56}},"107":{"start":{"line":108,"column":0},"end":{"line":108,"column":91}},"108":{"start":{"line":109,"column":0},"end":{"line":109,"column":71}},"110":{"start":{"line":111,"column":0},"end":{"line":111,"column":19}},"111":{"start":{"line":112,"column":0},"end":{"line":112,"column":41}},"112":{"start":{"line":113,"column":0},"end":{"line":113,"column":67}},"113":{"start":{"line":114,"column":0},"end":{"line":114,"column":72}},"114":{"start":{"line":115,"column":0},"end":{"line":115,"column":64}},"115":{"start":{"line":116,"column":0},"end":{"line":116,"column":40}},"116":{"start":{"line":117,"column":0},"end":{"line":117,"column":25}},"117":{"start":{"line":118,"column":0},"end":{"line":118,"column":22}},"118":{"start":{"line":119,"column":0},"end":{"line":119,"column":67}},"119":{"start":{"line":120,"column":0},"end":{"line":120,"column":73}},"120":{"start":{"line":121,"column":0},"end":{"line":121,"column":65}},"121":{"start":{"line":122,"column":0},"end":{"line":122,"column":43}},"122":{"start":{"line":123,"column":0},"end":{"line":123,"column":141}},"123":{"start":{"line":124,"column":0},"end":{"line":124,"column":30}},"124":{"start":{"line":125,"column":0},"end":{"line":125,"column":25}},"125":{"start":{"line":126,"column":0},"end":{"line":126,"column":22}},"126":{"start":{"line":127,"column":0},"end":{"line":127,"column":67}},"127":{"start":{"line":128,"column":0},"end":{"line":128,"column":70}},"128":{"start":{"line":129,"column":0},"end":{"line":129,"column":72}},"129":{"start":{"line":130,"column":0},"end":{"line":130,"column":43}},"130":{"start":{"line":131,"column":0},"end":{"line":131,"column":33}},"131":{"start":{"line":132,"column":0},"end":{"line":132,"column":52}},"132":{"start":{"line":133,"column":0},"end":{"line":133,"column":46}},"133":{"start":{"line":134,"column":0},"end":{"line":134,"column":30}},"134":{"start":{"line":135,"column":0},"end":{"line":135,"column":25}},"135":{"start":{"line":136,"column":0},"end":{"line":136,"column":22}},"136":{"start":{"line":137,"column":0},"end":{"line":137,"column":20}},"137":{"start":{"line":138,"column":0},"end":{"line":138,"column":18}},"138":{"start":{"line":139,"column":0},"end":{"line":139,"column":16}},"139":{"start":{"line":140,"column":0},"end":{"line":140,"column":14}},"142":{"start":{"line":143,"column":0},"end":{"line":143,"column":68}},"143":{"start":{"line":144,"column":0},"end":{"line":144,"column":67}},"144":{"start":{"line":145,"column":0},"end":{"line":145,"column":30}},"146":{"start":{"line":147,"column":0},"end":{"line":147,"column":14}},"147":{"start":{"line":148,"column":0},"end":{"line":148,"column":17}},"148":{"start":{"line":149,"column":0},"end":{"line":149,"column":12}},"149":{"start":{"line":150,"column":0},"end":{"line":150,"column":10}},"151":{"start":{"line":152,"column":0},"end":{"line":152,"column":1}},"153":{"start":{"line":154,"column":0},"end":{"line":154,"column":19}}},"s":{"0":1,"1":1,"2":1,"3":1,"4":1,"5":1,"6":1,"9":7,"10":7,"11":7,"12":7,"14":7,"16":0,"17":0,"18":0,"20":0,"21":0,"22":0,"23":0,"24":0,"25":0,"27":7,"28":7,"29":7,"31":7,"32":7,"34":7,"35":7,"37":7,"39":7,"40":7,"41":7,"42":7,"43":7,"45":7,"47":7,"49":7,"50":7,"51":7,"52":7,"53":0,"55":7,"56":7,"57":7,"58":7,"59":7,"60":7,"61":7,"64":7,"67":7,"69":7,"70":7,"71":0,"72":0,"73":0,"74":0,"75":0,"76":0,"77":7,"78":0,"80":7,"81":7,"82":7,"83":7,"84":7,"85":7,"86":7,"87":7,"88":7,"89":7,"90":0,"91":0,"92":0,"93":0,"95":0,"96":0,"98":7,"100":7,"103":7,"104":7,"107":7,"108":7,"110":7,"111":7,"112":7,"113":7,"114":7,"115":7,"116":7,"117":7,"118":7,"119":7,"120":7,"121":7,"122":7,"123":0,"124":7,"125":7,"126":7,"127":7,"128":7,"129":7,"130":7,"131":7,"132":7,"133":0,"134":7,"135":7,"136":7,"137":7,"138":7,"139":7,"142":7,"143":7,"144":7,"146":7,"147":7,"148":7,"149":7,"151":7,"153":1},"branchMap":{"0":{"type":"branch","line":10,"loc":{"start":{"line":10,"column":0},"end":{"line":152,"column":1}},"locations":[{"start":{"line":10,"column":0},"end":{"line":152,"column":1}}]},"1":{"type":"branch","line":46,"loc":{"start":{"line":46,"column":15},"end":{"line":46,"column":56}},"locations":[{"start":{"line":46,"column":15},"end":{"line":46,"column":56}}]},"2":{"type":"branch","line":71,"loc":{"start":{"line":71,"column":13},"end":{"line":71,"column":52}},"locations":[{"start":{"line":71,"column":13},"end":{"line":71,"column":52}}]},"3":{"type":"branch","line":71,"loc":{"start":{"line":71,"column":47},"end":{"line":77,"column":20}},"locations":[{"start":{"line":71,"column":47},"end":{"line":77,"column":20}}]},"4":{"type":"branch","line":78,"loc":{"start":{"line":78,"column":16},"end":{"line":79,"column":68}},"locations":[{"start":{"line":78,"column":16},"end":{"line":79,"column":68}}]},"5":{"type":"branch","line":90,"loc":{"start":{"line":90,"column":40},"end":{"line":97,"column":24}},"locations":[{"start":{"line":90,"column":40},"end":{"line":97,"column":24}}]},"6":{"type":"branch","line":123,"loc":{"start":{"line":123,"column":139},"end":{"line":124,"column":30}},"locations":[{"start":{"line":123,"column":139},"end":{"line":124,"column":30}}]},"7":{"type":"branch","line":133,"loc":{"start":{"line":133,"column":45},"end":{"line":134,"column":30}},"locations":[{"start":{"line":133,"column":45},"end":{"line":134,"column":30}}]},"8":{"type":"branch","line":82,"loc":{"start":{"line":82,"column":33},"end":{"line":88,"column":20}},"locations":[{"start":{"line":82,"column":33},"end":{"line":88,"column":20}}]},"9":{"type":"branch","line":123,"loc":{"start":{"line":123,"column":57},"end":{"line":123,"column":96}},"locations":[{"start":{"line":123,"column":57},"end":{"line":123,"column":96}}]}},"b":{"0":[7],"1":[0],"2":[0],"3":[0],"4":[0],"5":[0],"6":[0],"7":[0],"8":[7],"9":[7]},"fnMap":{"0":{"name":"App","decl":{"start":{"line":10,"column":0},"end":{"line":152,"column":1}},"loc":{"start":{"line":10,"column":0},"end":{"line":152,"column":1}},"line":10},"1":{"name":"handleAddCity","decl":{"start":{"line":15,"column":24},"end":{"line":26,"column":4}},"loc":{"start":{"line":15,"column":24},"end":{"line":26,"column":4}},"line":15},"2":{"name":"onClick","decl":{"start":{"line":53,"column":25},"end":{"line":54,"column":73}},"loc":{"start":{"line":53,"column":25},"end":{"line":54,"column":73}},"line":53}},"f":{"0":7,"1":0,"2":0}}
,"/home/jahid/workspace/devops-frontend/src/main.tsx": {"path":"/home/jahid/workspace/devops-frontend/src/main.tsx","all":true,"statementMap":{"0":{"start":{"line":1,"column":0},"end":{"line":1,"column":35}},"1":{"start":{"line":2,"column":0},"end":{"line":2,"column":46}},"2":{"start":{"line":3,"column":0},"end":{"line":3,"column":21}},"3":{"start":{"line":4,"column":0},"end":{"line":4,"column":28}},"5":{"start":{"line":6,"column":0},"end":{"line":6,"column":52}},"6":{"start":{"line":7,"column":0},"end":{"line":7,"column":14}},"7":{"start":{"line":8,"column":0},"end":{"line":8,"column":11}},"8":{"start":{"line":9,"column":0},"end":{"line":9,"column":15}},"9":{"start":{"line":10,"column":0},"end":{"line":10,"column":2}}},"s":{"0":0,"1":0,"2":0,"3":0,"5":0,"6":0,"7":0,"8":0,"9":0},"branchMap":{"0":{"type":"branch","line":1,"loc":{"start":{"line":1,"column":207},"end":{"line":10,"column":-149}},"locations":[{"start":{"line":1,"column":207},"end":{"line":10,"column":-149}}]}},"b":{"0":[0]},"fnMap":{"0":{"name":"(empty-report)","decl":{"start":{"line":1,"column":207},"end":{"line":10,"column":-149}},"loc":{"start":{"line":1,"column":207},"end":{"line":10,"column":-149}},"line":1}},"f":{"0":0}}
,"/home/jahid/workspace/devops-frontend/src/vite-env.d.ts": {"path":"/home/jahid/workspace/devops-frontend/src/vite-env.d.ts","all":true,"statementMap":{},"s":{},"branchMap":{"0":{"type":"branch","line":1,"loc":{"start":{"line":1,"column":37},"end":{"line":1,"column":37}},"locations":[{"start":{"line":1,"column":37},"end":{"line":1,"column":37}}]}},"b":{"0":[1]},"fnMap":{"0":{"name":"(empty-report)","decl":{"start":{"line":1,"column":37},"end":{"line":1,"column":37}},"loc":{"start":{"line":1,"column":37},"end":{"line":1,"column":37}},"line":1}},"f":{"0":1}}
,"/home/jahid/workspace/devops-frontend/src/components/AddCityForm.tsx": {"path":"/home/jahid/workspace/devops-frontend/src/components/AddCityForm.tsx","all":false,"statementMap":{"0":{"start":{"line":1,"column":0},"end":{"line":1,"column":33}},"7":{"start":{"line":8,"column":0},"end":{"line":8,"column":26}},"8":{"start":{"line":9,"column":0},"end":{"line":9,"column":39}},"9":{"start":{"line":10,"column":0},"end":{"line":10,"column":41}},"10":{"start":{"line":11,"column":0},"end":{"line":11,"column":37}},"11":{"start":{"line":12,"column":0},"end":{"line":12,"column":39}},"12":{"start":{"line":13,"column":0},"end":{"line":13,"column":48}},"13":{"start":{"line":14,"column":0},"end":{"line":14,"column":42}},"14":{"start":{"line":15,"column":0},"end":{"line":15,"column":41}},"15":{"start":{"line":16,"column":0},"end":{"line":16,"column":48}},"16":{"start":{"line":17,"column":0},"end":{"line":17,"column":2}},"18":{"start":{"line":19,"column":0},"end":{"line":19,"column":75}},"19":{"start":{"line":20,"column":0},"end":{"line":20,"column":46}},"20":{"start":{"line":21,"column":0},"end":{"line":21,"column":55}},"22":{"start":{"line":23,"column":0},"end":{"line":23,"column":31}},"23":{"start":{"line":24,"column":0},"end":{"line":24,"column":39}},"24":{"start":{"line":25,"column":0},"end":{"line":25,"column":53}},"25":{"start":{"line":26,"column":0},"end":{"line":26,"column":6}},"27":{"start":{"line":28,"column":0},"end":{"line":28,"column":15}},"28":{"start":{"line":29,"column":0},"end":{"line":29,"column":52}},"29":{"start":{"line":30,"column":0},"end":{"line":30,"column":24}},"30":{"start":{"line":31,"column":0},"end":{"line":31,"column":30}},"31":{"start":{"line":32,"column":0},"end":{"line":32,"column":78}},"32":{"start":{"line":33,"column":0},"end":{"line":33,"column":80}},"33":{"start":{"line":34,"column":0},"end":{"line":34,"column":79}},"34":{"start":{"line":35,"column":0},"end":{"line":35,"column":65}},"35":{"start":{"line":36,"column":0},"end":{"line":36,"column":39}},"36":{"start":{"line":37,"column":0},"end":{"line":37,"column":10}},"37":{"start":{"line":38,"column":0},"end":{"line":38,"column":70}},"38":{"start":{"line":39,"column":0},"end":{"line":39,"column":46}},"39":{"start":{"line":40,"column":0},"end":{"line":40,"column":8}},"41":{"start":{"line":42,"column":0},"end":{"line":42,"column":29}},"42":{"start":{"line":43,"column":0},"end":{"line":43,"column":26}},"43":{"start":{"line":44,"column":0},"end":{"line":44,"column":23}},"44":{"start":{"line":45,"column":0},"end":{"line":45,"column":5}},"45":{"start":{"line":46,"column":0},"end":{"line":46,"column":4}},"47":{"start":{"line":48,"column":0},"end":{"line":48,"column":10}},"48":{"start":{"line":49,"column":0},"end":{"line":49,"column":26}},"49":{"start":{"line":50,"column":0},"end":{"line":50,"column":18}},"50":{"start":{"line":51,"column":0},"end":{"line":51,"column":15}},"51":{"start":{"line":52,"column":0},"end":{"line":52,"column":41}},"52":{"start":{"line":53,"column":0},"end":{"line":53,"column":113}},"53":{"start":{"line":54,"column":0},"end":{"line":54,"column":9}},"55":{"start":{"line":56,"column":0},"end":{"line":56,"column":17}},"57":{"start":{"line":58,"column":0},"end":{"line":58,"column":82}},"58":{"start":{"line":59,"column":0},"end":{"line":59,"column":67}},"60":{"start":{"line":61,"column":0},"end":{"line":61,"column":15}},"61":{"start":{"line":62,"column":0},"end":{"line":62,"column":59}},"62":{"start":{"line":63,"column":0},"end":{"line":63,"column":19}},"63":{"start":{"line":64,"column":0},"end":{"line":64,"column":34}},"64":{"start":{"line":65,"column":0},"end":{"line":65,"column":61}},"65":{"start":{"line":66,"column":0},"end":{"line":66,"column":153}},"67":{"start":{"line":68,"column":0},"end":{"line":68,"column":56}},"68":{"start":{"line":69,"column":0},"end":{"line":69,"column":45}},"69":{"start":{"line":70,"column":0},"end":{"line":70,"column":23}},"70":{"start":{"line":71,"column":0},"end":{"line":71,"column":54}},"71":{"start":{"line":72,"column":0},"end":{"line":72,"column":57}},"73":{"start":{"line":74,"column":0},"end":{"line":74,"column":45}},"74":{"start":{"line":75,"column":0},"end":{"line":75,"column":25}},"75":{"start":{"line":76,"column":0},"end":{"line":76,"column":17}},"76":{"start":{"line":77,"column":0},"end":{"line":77,"column":21}},"77":{"start":{"line":78,"column":0},"end":{"line":78,"column":40}},"78":{"start":{"line":79,"column":0},"end":{"line":79,"column":21}},"79":{"start":{"line":80,"column":0},"end":{"line":80,"column":39}},"80":{"start":{"line":81,"column":0},"end":{"line":81,"column":40}},"81":{"start":{"line":82,"column":0},"end":{"line":82,"column":158}},"82":{"start":{"line":83,"column":0},"end":{"line":83,"column":15}},"84":{"start":{"line":85,"column":0},"end":{"line":85,"column":23}},"85":{"start":{"line":86,"column":0},"end":{"line":86,"column":21}},"86":{"start":{"line":87,"column":0},"end":{"line":87,"column":32}},"87":{"start":{"line":88,"column":0},"end":{"line":88,"column":35}},"88":{"start":{"line":89,"column":0},"end":{"line":89,"column":38}},"89":{"start":{"line":90,"column":0},"end":{"line":90,"column":18}},"90":{"start":{"line":91,"column":0},"end":{"line":91,"column":107}},"91":{"start":{"line":92,"column":0},"end":{"line":92,"column":15}},"93":{"start":{"line":94,"column":0},"end":{"line":94,"column":23}},"94":{"start":{"line":95,"column":0},"end":{"line":95,"column":18}},"95":{"start":{"line":96,"column":0},"end":{"line":96,"column":16}},"96":{"start":{"line":97,"column":0},"end":{"line":97,"column":14}},"98":{"start":{"line":99,"column":0},"end":{"line":99,"column":10}},"100":{"start":{"line":101,"column":0},"end":{"line":101,"column":2}}},"s":{"0":1,"7":1,"8":1,"9":1,"10":1,"11":1,"12":1,"13":1,"14":1,"15":1,"16":1,"18":1,"19":18,"20":18,"22":18,"23":1,"24":1,"25":1,"27":1,"28":1,"29":1,"30":1,"31":1,"32":1,"33":1,"34":1,"35":1,"36":1,"37":1,"38":1,"39":1,"41":1,"42":1,"43":1,"44":1,"45":1,"47":18,"48":18,"49":18,"50":13,"51":13,"52":13,"53":13,"55":13,"57":5,"58":5,"60":5,"61":5,"62":5,"63":5,"64":5,"65":5,"67":5,"68":5,"69":40,"70":40,"71":40,"73":40,"74":40,"75":5,"76":5,"77":5,"78":5,"79":5,"80":5,"81":5,"82":5,"84":5,"85":5,"86":5,"87":1,"88":1,"89":1,"90":5,"91":5,"93":5,"94":5,"95":5,"96":5,"98":18,"100":18},"branchMap":{"0":{"type":"branch","line":19,"loc":{"start":{"line":19,"column":55},"end":{"line":101,"column":2}},"locations":[{"start":{"line":19,"column":55},"end":{"line":101,"column":2}}]},"1":{"type":"branch","line":50,"loc":{"start":{"line":50,"column":8},"end":{"line":56,"column":17}},"locations":[{"start":{"line":50,"column":8},"end":{"line":56,"column":17}}]},"2":{"type":"branch","line":56,"loc":{"start":{"line":56,"column":8},"end":{"line":97,"column":14}},"locations":[{"start":{"line":56,"column":8},"end":{"line":97,"column":14}}]},"3":{"type":"branch","line":23,"loc":{"start":{"line":23,"column":24},"end":{"line":46,"column":4}},"locations":[{"start":{"line":23,"column":24},"end":{"line":46,"column":4}}]},"4":{"type":"branch","line":25,"loc":{"start":{"line":25,"column":6},"end":{"line":25,"column":53}},"locations":[{"start":{"line":25,"column":6},"end":{"line":25,"column":53}}]},"5":{"type":"branch","line":52,"loc":{"start":{"line":52,"column":19},"end":{"line":52,"column":41}},"locations":[{"start":{"line":52,"column":19},"end":{"line":52,"column":41}}]},"6":{"type":"branch","line":65,"loc":{"start":{"line":65,"column":24},"end":{"line":65,"column":61}},"locations":[{"start":{"line":65,"column":24},"end":{"line":65,"column":61}}]},"7":{"type":"branch","line":69,"loc":{"start":{"line":69,"column":36},"end":{"line":75,"column":25}},"locations":[{"start":{"line":69,"column":36},"end":{"line":75,"column":25}}]},"8":{"type":"branch","line":87,"loc":{"start":{"line":87,"column":25},"end":{"line":90,"column":18}},"locations":[{"start":{"line":87,"column":25},"end":{"line":90,"column":18}}]}},"b":{"0":[18],"1":[13],"2":[5],"3":[1],"4":[1],"5":[4],"6":[1],"7":[40],"8":[1]},"fnMap":{"0":{"name":"AddCityForm","decl":{"start":{"line":19,"column":55},"end":{"line":101,"column":2}},"loc":{"start":{"line":19,"column":55},"end":{"line":101,"column":2}},"line":19},"1":{"name":"handleAddCity","decl":{"start":{"line":23,"column":24},"end":{"line":46,"column":4}},"loc":{"start":{"line":23,"column":24},"end":{"line":46,"column":4}},"line":23},"2":{"name":"onClick","decl":{"start":{"line":52,"column":19},"end":{"line":52,"column":41}},"loc":{"start":{"line":52,"column":19},"end":{"line":52,"column":41}},"line":52},"3":{"name":"onChange","decl":{"start":{"line":65,"column":24},"end":{"line":65,"column":61}},"loc":{"start":{"line":65,"column":24},"end":{"line":65,"column":61}},"line":65},"4":{"name":"onClick","decl":{"start":{"line":87,"column":25},"end":{"line":90,"column":18}},"loc":{"start":{"line":87,"column":25},"end":{"line":90,"column":18}},"line":87}},"f":{"0":18,"1":1,"2":4,"3":1,"4":1}}
,"/home/jahid/workspace/devops-frontend/src/components/ForecastCard.tsx": {"path":"/home/jahid/workspace/devops-frontend/src/components/ForecastCard.tsx","all":false,"statementMap":{"1":{"start":{"line":2,"column":0},"end":{"line":2,"column":65}},"7":{"start":{"line":8,"column":0},"end":{"line":8,"column":76}},"8":{"start":{"line":9,"column":0},"end":{"line":9,"column":10}},"9":{"start":{"line":10,"column":0},"end":{"line":10,"column":78}},"10":{"start":{"line":11,"column":0},"end":{"line":11,"column":63}},"12":{"start":{"line":13,"column":0},"end":{"line":13,"column":11}},"13":{"start":{"line":14,"column":0},"end":{"line":14,"column":33}},"14":{"start":{"line":15,"column":0},"end":{"line":15,"column":39}},"15":{"start":{"line":16,"column":0},"end":{"line":16,"column":14}},"16":{"start":{"line":17,"column":0},"end":{"line":17,"column":26}},"17":{"start":{"line":18,"column":0},"end":{"line":18,"column":75}},"18":{"start":{"line":19,"column":0},"end":{"line":19,"column":61}},"19":{"start":{"line":20,"column":0},"end":{"line":20,"column":33}},"21":{"start":{"line":22,"column":0},"end":{"line":22,"column":47}},"22":{"start":{"line":23,"column":0},"end":{"line":23,"column":63}},"23":{"start":{"line":24,"column":0},"end":{"line":24,"column":19}},"24":{"start":{"line":25,"column":0},"end":{"line":25,"column":57}},"25":{"start":{"line":26,"column":0},"end":{"line":26,"column":64}},"26":{"start":{"line":27,"column":0},"end":{"line":27,"column":20}},"27":{"start":{"line":28,"column":0},"end":{"line":28,"column":64}},"28":{"start":{"line":29,"column":0},"end":{"line":29,"column":51}},"29":{"start":{"line":30,"column":0},"end":{"line":30,"column":20}},"30":{"start":{"line":31,"column":0},"end":{"line":31,"column":20}},"31":{"start":{"line":32,"column":0},"end":{"line":32,"column":18}},"32":{"start":{"line":33,"column":0},"end":{"line":33,"column":40}},"33":{"start":{"line":34,"column":0},"end":{"line":34,"column":59}},"34":{"start":{"line":35,"column":0},"end":{"line":35,"column":62}},"35":{"start":{"line":36,"column":0},"end":{"line":36,"column":47}},"36":{"start":{"line":37,"column":0},"end":{"line":37,"column":23}},"37":{"start":{"line":38,"column":0},"end":{"line":38,"column":48}},"38":{"start":{"line":39,"column":0},"end":{"line":39,"column":46}},"39":{"start":{"line":40,"column":0},"end":{"line":40,"column":23}},"40":{"start":{"line":41,"column":0},"end":{"line":41,"column":20}},"41":{"start":{"line":42,"column":0},"end":{"line":42,"column":41}},"42":{"start":{"line":43,"column":0},"end":{"line":43,"column":80}},"44":{"start":{"line":45,"column":0},"end":{"line":45,"column":18}},"45":{"start":{"line":46,"column":0},"end":{"line":46,"column":16}},"46":{"start":{"line":47,"column":0},"end":{"line":47,"column":11}},"47":{"start":{"line":48,"column":0},"end":{"line":48,"column":12}},"48":{"start":{"line":49,"column":0},"end":{"line":49,"column":10}},"50":{"start":{"line":51,"column":0},"end":{"line":51,"column":2}}},"s":{"1":1,"7":1,"8":7,"9":7,"10":7,"12":7,"13":7,"14":7,"15":35,"16":35,"17":35,"18":35,"19":35,"21":35,"22":35,"23":35,"24":35,"25":35,"26":35,"27":35,"28":35,"29":35,"30":35,"31":35,"32":35,"33":35,"34":35,"35":35,"36":35,"37":35,"38":35,"39":35,"40":35,"41":35,"42":28,"44":35,"45":35,"46":7,"47":7,"48":7,"50":7},"branchMap":{"0":{"type":"branch","line":8,"loc":{"start":{"line":8,"column":57},"end":{"line":51,"column":2}},"locations":[{"start":{"line":8,"column":57},"end":{"line":51,"column":2}}]},"1":{"type":"branch","line":15,"loc":{"start":{"line":15,"column":22},"end":{"line":46,"column":16}},"locations":[{"start":{"line":15,"column":22},"end":{"line":46,"column":16}}]},"2":{"type":"branch","line":19,"loc":{"start":{"line":19,"column":24},"end":{"line":19,"column":43}},"locations":[{"start":{"line":19,"column":24},"end":{"line":19,"column":43}}]},"3":{"type":"branch","line":19,"loc":{"start":{"line":19,"column":28},"end":{"line":19,"column":61}},"locations":[{"start":{"line":19,"column":28},"end":{"line":19,"column":61}}]},"4":{"type":"branch","line":26,"loc":{"start":{"line":26,"column":29},"end":{"line":26,"column":43}},"locations":[{"start":{"line":26,"column":29},"end":{"line":26,"column":43}}]},"5":{"type":"branch","line":26,"loc":{"start":{"line":26,"column":33},"end":{"line":26,"column":64}},"locations":[{"start":{"line":26,"column":33},"end":{"line":26,"column":64}}]},"6":{"type":"branch","line":42,"loc":{"start":{"line":42,"column":35},"end":{"line":43,"column":80}},"locations":[{"start":{"line":42,"column":35},"end":{"line":43,"column":80}}]}},"b":{"0":[7],"1":[35],"2":[7],"3":[28],"4":[7],"5":[28],"6":[28]},"fnMap":{"0":{"name":"ForecastCard","decl":{"start":{"line":8,"column":57},"end":{"line":51,"column":2}},"loc":{"start":{"line":8,"column":57},"end":{"line":51,"column":2}},"line":8}},"f":{"0":7}}
,"/home/jahid/workspace/devops-frontend/src/components/LoadingSpinner.tsx": {"path":"/home/jahid/workspace/devops-frontend/src/components/LoadingSpinner.tsx","all":false,"statementMap":{"5":{"start":{"line":6,"column":0},"end":{"line":6,"column":63}},"6":{"start":{"line":7,"column":0},"end":{"line":7,"column":14}},"7":{"start":{"line":8,"column":0},"end":{"line":8,"column":17}},"8":{"start":{"line":9,"column":0},"end":{"line":9,"column":7}},"9":{"start":{"line":10,"column":0},"end":{"line":10,"column":23}},"10":{"start":{"line":11,"column":0},"end":{"line":11,"column":18}},"11":{"start":{"line":12,"column":0},"end":{"line":12,"column":18}},"12":{"start":{"line":13,"column":0},"end":{"line":13,"column":20}},"13":{"start":{"line":14,"column":0},"end":{"line":14,"column":4}},"15":{"start":{"line":16,"column":0},"end":{"line":16,"column":10}},"16":{"start":{"line":17,"column":0},"end":{"line":17,"column":70}},"17":{"start":{"line":18,"column":0},"end":{"line":18,"column":98}},"18":{"start":{"line":19,"column":0},"end":{"line":19,"column":10}},"20":{"start":{"line":21,"column":0},"end":{"line":21,"column":2}},"27":{"start":{"line":28,"column":0},"end":{"line":28,"column":59}},"28":{"start":{"line":29,"column":0},"end":{"line":29,"column":10}},"29":{"start":{"line":30,"column":0},"end":{"line":30,"column":10}},"30":{"start":{"line":31,"column":0},"end":{"line":31,"column":7}},"31":{"start":{"line":32,"column":0},"end":{"line":32,"column":10}},"32":{"start":{"line":33,"column":0},"end":{"line":33,"column":80}},"33":{"start":{"line":34,"column":0},"end":{"line":34,"column":41}},"34":{"start":{"line":35,"column":0},"end":{"line":35,"column":44}},"35":{"start":{"line":36,"column":0},"end":{"line":36,"column":12}},"36":{"start":{"line":37,"column":0},"end":{"line":37,"column":52}},"37":{"start":{"line":38,"column":0},"end":{"line":38,"column":19}},"38":{"start":{"line":39,"column":0},"end":{"line":39,"column":15}},"39":{"start":{"line":40,"column":0},"end":{"line":40,"column":27}},"40":{"start":{"line":41,"column":0},"end":{"line":41,"column":99}},"41":{"start":{"line":42,"column":0},"end":{"line":42,"column":9}},"43":{"start":{"line":44,"column":0},"end":{"line":44,"column":17}},"45":{"start":{"line":46,"column":0},"end":{"line":46,"column":10}},"47":{"start":{"line":48,"column":0},"end":{"line":48,"column":2}}},"s":{"5":1,"6":0,"7":0,"8":0,"9":0,"10":0,"11":0,"12":0,"13":0,"15":0,"16":0,"17":0,"18":0,"20":0,"27":1,"28":0,"29":0,"30":0,"31":0,"32":0,"33":0,"34":0,"35":0,"36":0,"37":0,"38":0,"39":0,"40":0,"41":0,"43":0,"45":0,"47":0},"branchMap":{},"b":{},"fnMap":{"0":{"name":"LoadingSpinner","decl":{"start":{"line":6,"column":61},"end":{"line":21,"column":2}},"loc":{"start":{"line":6,"column":61},"end":{"line":21,"column":2}},"line":6},"1":{"name":"ErrorMessage","decl":{"start":{"line":28,"column":57},"end":{"line":48,"column":2}},"loc":{"start":{"line":28,"column":57},"end":{"line":48,"column":2}},"line":28}},"f":{"0":0,"1":0}}
,"/home/jahid/workspace/devops-frontend/src/components/WeatherCard.tsx": {"path":"/home/jahid/workspace/devops-frontend/src/components/WeatherCard.tsx","all":false,"statementMap":{"1":{"start":{"line":2,"column":0},"end":{"line":2,"column":8}},"13":{"start":{"line":14,"column":0},"end":{"line":14,"column":57}},"14":{"start":{"line":15,"column":0},"end":{"line":15,"column":7}},"15":{"start":{"line":16,"column":0},"end":{"line":16,"column":11}},"16":{"start":{"line":17,"column":0},"end":{"line":17,"column":27}},"17":{"start":{"line":18,"column":0},"end":{"line":18,"column":7}},"18":{"start":{"line":19,"column":0},"end":{"line":19,"column":65}},"20":{"start":{"line":21,"column":0},"end":{"line":21,"column":10}},"21":{"start":{"line":22,"column":0},"end":{"line":22,"column":125}},"22":{"start":{"line":23,"column":0},"end":{"line":23,"column":61}},"23":{"start":{"line":24,"column":0},"end":{"line":24,"column":13}},"24":{"start":{"line":25,"column":0},"end":{"line":25,"column":78}},"25":{"start":{"line":26,"column":0},"end":{"line":26,"column":65}},"26":{"start":{"line":27,"column":0},"end":{"line":27,"column":14}},"27":{"start":{"line":28,"column":0},"end":{"line":28,"column":42}},"28":{"start":{"line":29,"column":0},"end":{"line":29,"column":17}},"29":{"start":{"line":30,"column":0},"end":{"line":30,"column":45}},"30":{"start":{"line":31,"column":0},"end":{"line":31,"column":73}},"31":{"start":{"line":32,"column":0},"end":{"line":32,"column":46}},"32":{"start":{"line":33,"column":0},"end":{"line":33,"column":11}},"34":{"start":{"line":35,"column":0},"end":{"line":35,"column":19}},"36":{"start":{"line":37,"column":0},"end":{"line":37,"column":12}},"38":{"start":{"line":39,"column":0},"end":{"line":39,"column":62}},"39":{"start":{"line":40,"column":0},"end":{"line":40,"column":43}},"40":{"start":{"line":41,"column":0},"end":{"line":41,"column":60}},"41":{"start":{"line":42,"column":0},"end":{"line":42,"column":15}},"42":{"start":{"line":43,"column":0},"end":{"line":43,"column":68}},"43":{"start":{"line":44,"column":0},"end":{"line":44,"column":51}},"44":{"start":{"line":45,"column":0},"end":{"line":45,"column":16}},"45":{"start":{"line":46,"column":0},"end":{"line":46,"column":60}},"46":{"start":{"line":47,"column":0},"end":{"line":47,"column":48}},"47":{"start":{"line":48,"column":0},"end":{"line":48,"column":16}},"48":{"start":{"line":49,"column":0},"end":{"line":49,"column":16}},"49":{"start":{"line":50,"column":0},"end":{"line":50,"column":14}},"50":{"start":{"line":51,"column":0},"end":{"line":51,"column":12}},"52":{"start":{"line":53,"column":0},"end":{"line":53,"column":54}},"53":{"start":{"line":54,"column":0},"end":{"line":54,"column":46}},"54":{"start":{"line":55,"column":0},"end":{"line":55,"column":58}},"55":{"start":{"line":56,"column":0},"end":{"line":56,"column":63}},"56":{"start":{"line":57,"column":0},"end":{"line":57,"column":14}},"57":{"start":{"line":58,"column":0},"end":{"line":58,"column":46}},"58":{"start":{"line":59,"column":0},"end":{"line":59,"column":54}},"59":{"start":{"line":60,"column":0},"end":{"line":60,"column":68}},"60":{"start":{"line":61,"column":0},"end":{"line":61,"column":14}},"61":{"start":{"line":62,"column":0},"end":{"line":62,"column":12}},"63":{"start":{"line":64,"column":0},"end":{"line":64,"column":58}},"64":{"start":{"line":65,"column":0},"end":{"line":65,"column":45}},"65":{"start":{"line":66,"column":0},"end":{"line":66,"column":54}},"66":{"start":{"line":67,"column":0},"end":{"line":67,"column":12}},"67":{"start":{"line":68,"column":0},"end":{"line":68,"column":12}},"68":{"start":{"line":69,"column":0},"end":{"line":69,"column":10}},"70":{"start":{"line":71,"column":0},"end":{"line":71,"column":2}}},"s":{"1":1,"13":1,"14":15,"15":15,"16":15,"17":15,"18":15,"20":15,"21":15,"22":15,"23":15,"24":15,"25":15,"26":15,"27":15,"28":10,"29":10,"30":10,"31":10,"32":10,"34":10,"36":15,"38":15,"39":15,"40":15,"41":15,"42":15,"43":15,"44":15,"45":15,"46":15,"47":15,"48":15,"49":15,"50":15,"52":15,"53":15,"54":15,"55":15,"56":15,"57":15,"58":15,"59":15,"60":15,"61":15,"63":15,"64":15,"65":15,"66":15,"67":15,"68":15,"70":15},"branchMap":{"0":{"type":"branch","line":14,"loc":{"start":{"line":14,"column":55},"end":{"line":71,"column":2}},"locations":[{"start":{"line":14,"column":55},"end":{"line":71,"column":2}}]},"1":{"type":"branch","line":28,"loc":{"start":{"line":28,"column":9},"end":{"line":28,"column":42}},"locations":[{"start":{"line":28,"column":9},"end":{"line":28,"column":42}}]},"2":{"type":"branch","line":28,"loc":{"start":{"line":28,"column":29},"end":{"line":35,"column":19}},"locations":[{"start":{"line":28,"column":29},"end":{"line":35,"column":19}}]},"3":{"type":"branch","line":30,"loc":{"start":{"line":30,"column":21},"end":{"line":30,"column":45}},"locations":[{"start":{"line":30,"column":21},"end":{"line":30,"column":45}}]}},"b":{"0":[15],"1":[10],"2":[10],"3":[1]},"fnMap":{"0":{"name":"WeatherCard","decl":{"start":{"line":14,"column":55},"end":{"line":71,"column":2}},"loc":{"start":{"line":14,"column":55},"end":{"line":71,"column":2}},"line":14},"1":{"name":"onClick","decl":{"start":{"line":30,"column":21},"end":{"line":30,"column":45}},"loc":{"start":{"line":30,"column":21},"end":{"line":30,"column":45}},"line":30}},"f":{"0":15,"1":1}}
,"/home/jahid/workspace/devops-frontend/src/data/mockWeather.ts": {"path":"/home/jahid/workspace/devops-frontend/src/data/mockWeather.ts","all":false,"statementMap":{"2":{"start":{"line":3,"column":0},"end":{"line":3,"column":47}},"3":{"start":{"line":4,"column":0},"end":{"line":4,"column":3}},"4":{"start":{"line":5,"column":0},"end":{"line":5,"column":10}},"5":{"start":{"line":6,"column":0},"end":{"line":6,"column":21}},"6":{"start":{"line":7,"column":0},"end":{"line":7,"column":19}},"7":{"start":{"line":8,"column":0},"end":{"line":8,"column":20}},"8":{"start":{"line":9,"column":0},"end":{"line":9,"column":17}},"9":{"start":{"line":10,"column":0},"end":{"line":10,"column":18}},"10":{"start":{"line":11,"column":0},"end":{"line":11,"column":31}},"11":{"start":{"line":12,"column":0},"end":{"line":12,"column":14}},"12":{"start":{"line":13,"column":0},"end":{"line":13,"column":42}},"13":{"start":{"line":14,"column":0},"end":{"line":14,"column":4}},"14":{"start":{"line":15,"column":0},"end":{"line":15,"column":3}},"15":{"start":{"line":16,"column":0},"end":{"line":16,"column":10}},"16":{"start":{"line":17,"column":0},"end":{"line":17,"column":19}},"17":{"start":{"line":18,"column":0},"end":{"line":18,"column":18}},"18":{"start":{"line":19,"column":0},"end":{"line":19,"column":20}},"19":{"start":{"line":20,"column":0},"end":{"line":20,"column":17}},"20":{"start":{"line":21,"column":0},"end":{"line":21,"column":18}},"21":{"start":{"line":22,"column":0},"end":{"line":22,"column":24}},"22":{"start":{"line":23,"column":0},"end":{"line":23,"column":15}},"23":{"start":{"line":24,"column":0},"end":{"line":24,"column":42}},"24":{"start":{"line":25,"column":0},"end":{"line":25,"column":4}},"25":{"start":{"line":26,"column":0},"end":{"line":26,"column":3}},"26":{"start":{"line":27,"column":0},"end":{"line":27,"column":10}},"27":{"start":{"line":28,"column":0},"end":{"line":28,"column":18}},"28":{"start":{"line":29,"column":0},"end":{"line":29,"column":21}},"29":{"start":{"line":30,"column":0},"end":{"line":30,"column":20}},"30":{"start":{"line":31,"column":0},"end":{"line":31,"column":17}},"31":{"start":{"line":32,"column":0},"end":{"line":32,"column":17}},"32":{"start":{"line":33,"column":0},"end":{"line":33,"column":23}},"33":{"start":{"line":34,"column":0},"end":{"line":34,"column":15}},"34":{"start":{"line":35,"column":0},"end":{"line":35,"column":42}},"35":{"start":{"line":36,"column":0},"end":{"line":36,"column":4}},"36":{"start":{"line":37,"column":0},"end":{"line":37,"column":3}},"37":{"start":{"line":38,"column":0},"end":{"line":38,"column":10}},"38":{"start":{"line":39,"column":0},"end":{"line":39,"column":19}},"39":{"start":{"line":40,"column":0},"end":{"line":40,"column":25}},"40":{"start":{"line":41,"column":0},"end":{"line":41,"column":20}},"41":{"start":{"line":42,"column":0},"end":{"line":42,"column":17}},"42":{"start":{"line":43,"column":0},"end":{"line":43,"column":18}},"43":{"start":{"line":44,"column":0},"end":{"line":44,"column":23}},"44":{"start":{"line":45,"column":0},"end":{"line":45,"column":15}},"45":{"start":{"line":46,"column":0},"end":{"line":46,"column":42}},"46":{"start":{"line":47,"column":0},"end":{"line":47,"column":4}},"47":{"start":{"line":48,"column":0},"end":{"line":48,"column":3}},"48":{"start":{"line":49,"column":0},"end":{"line":49,"column":10}},"49":{"start":{"line":50,"column":0},"end":{"line":50,"column":18}},"50":{"start":{"line":51,"column":0},"end":{"line":51,"column":19}},"51":{"start":{"line":52,"column":0},"end":{"line":52,"column":20}},"52":{"start":{"line":53,"column":0},"end":{"line":53,"column":17}},"53":{"start":{"line":54,"column":0},"end":{"line":54,"column":18}},"54":{"start":{"line":55,"column":0},"end":{"line":55,"column":23}},"55":{"start":{"line":56,"column":0},"end":{"line":56,"column":15}},"56":{"start":{"line":57,"column":0},"end":{"line":57,"column":42}},"57":{"start":{"line":58,"column":0},"end":{"line":58,"column":4}},"58":{"start":{"line":59,"column":0},"end":{"line":59,"column":2}},"60":{"start":{"line":61,"column":0},"end":{"line":61,"column":48}},"61":{"start":{"line":62,"column":0},"end":{"line":62,"column":3}},"62":{"start":{"line":63,"column":0},"end":{"line":63,"column":35}},"63":{"start":{"line":64,"column":0},"end":{"line":64,"column":13}},"64":{"start":{"line":65,"column":0},"end":{"line":65,"column":12}},"65":{"start":{"line":66,"column":0},"end":{"line":66,"column":23}},"66":{"start":{"line":67,"column":0},"end":{"line":67,"column":15}},"67":{"start":{"line":68,"column":0},"end":{"line":68,"column":21}},"68":{"start":{"line":69,"column":0},"end":{"line":69,"column":4}},"69":{"start":{"line":70,"column":0},"end":{"line":70,"column":3}},"70":{"start":{"line":71,"column":0},"end":{"line":71,"column":67}},"71":{"start":{"line":72,"column":0},"end":{"line":72,"column":13}},"72":{"start":{"line":73,"column":0},"end":{"line":73,"column":12}},"73":{"start":{"line":74,"column":0},"end":{"line":74,"column":31}},"74":{"start":{"line":75,"column":0},"end":{"line":75,"column":14}},"75":{"start":{"line":76,"column":0},"end":{"line":76,"column":22}},"76":{"start":{"line":77,"column":0},"end":{"line":77,"column":4}},"77":{"start":{"line":78,"column":0},"end":{"line":78,"column":3}},"78":{"start":{"line":79,"column":0},"end":{"line":79,"column":71}},"79":{"start":{"line":80,"column":0},"end":{"line":80,"column":13}},"80":{"start":{"line":81,"column":0},"end":{"line":81,"column":12}},"81":{"start":{"line":82,"column":0},"end":{"line":82,"column":23}},"82":{"start":{"line":83,"column":0},"end":{"line":83,"column":16}},"83":{"start":{"line":84,"column":0},"end":{"line":84,"column":22}},"84":{"start":{"line":85,"column":0},"end":{"line":85,"column":4}},"85":{"start":{"line":86,"column":0},"end":{"line":86,"column":3}},"86":{"start":{"line":87,"column":0},"end":{"line":87,"column":71}},"87":{"start":{"line":88,"column":0},"end":{"line":88,"column":13}},"88":{"start":{"line":89,"column":0},"end":{"line":89,"column":12}},"89":{"start":{"line":90,"column":0},"end":{"line":90,"column":24}},"90":{"start":{"line":91,"column":0},"end":{"line":91,"column":15}},"91":{"start":{"line":92,"column":0},"end":{"line":92,"column":22}},"92":{"start":{"line":93,"column":0},"end":{"line":93,"column":4}},"93":{"start":{"line":94,"column":0},"end":{"line":94,"column":3}},"94":{"start":{"line":95,"column":0},"end":{"line":95,"column":71}},"95":{"start":{"line":96,"column":0},"end":{"line":96,"column":13}},"96":{"start":{"line":97,"column":0},"end":{"line":97,"column":12}},"97":{"start":{"line":98,"column":0},"end":{"line":98,"column":23}},"98":{"start":{"line":99,"column":0},"end":{"line":99,"column":15}},"99":{"start":{"line":100,"column":0},"end":{"line":100,"column":21}},"100":{"start":{"line":101,"column":0},"end":{"line":101,"column":4}},"101":{"start":{"line":102,"column":0},"end":{"line":102,"column":2}},"103":{"start":{"line":104,"column":0},"end":{"line":104,"column":50}},"104":{"start":{"line":105,"column":0},"end":{"line":105,"column":3}},"105":{"start":{"line":106,"column":0},"end":{"line":106,"column":18}},"106":{"start":{"line":107,"column":0},"end":{"line":107,"column":20}},"107":{"start":{"line":108,"column":0},"end":{"line":108,"column":31}},"108":{"start":{"line":109,"column":0},"end":{"line":109,"column":16}},"109":{"start":{"line":110,"column":0},"end":{"line":110,"column":94}},"110":{"start":{"line":111,"column":0},"end":{"line":111,"column":21}},"111":{"start":{"line":112,"column":0},"end":{"line":112,"column":19}},"112":{"start":{"line":113,"column":0},"end":{"line":113,"column":4}},"113":{"start":{"line":114,"column":0},"end":{"line":114,"column":3}},"114":{"start":{"line":115,"column":0},"end":{"line":115,"column":18}},"115":{"start":{"line":116,"column":0},"end":{"line":116,"column":18}},"116":{"start":{"line":117,"column":0},"end":{"line":117,"column":25}},"117":{"start":{"line":118,"column":0},"end":{"line":118,"column":16}},"118":{"start":{"line":119,"column":0},"end":{"line":119,"column":80}},"119":{"start":{"line":120,"column":0},"end":{"line":120,"column":23}},"120":{"start":{"line":121,"column":0},"end":{"line":121,"column":20}},"121":{"start":{"line":122,"column":0},"end":{"line":122,"column":4}},"122":{"start":{"line":123,"column":0},"end":{"line":123,"column":2}}},"s":{"2":1,"3":1,"4":1,"5":1,"6":1,"7":1,"8":1,"9":1,"10":1,"11":1,"12":1,"13":1,"14":1,"15":1,"16":1,"17":1,"18":1,"19":1,"20":1,"21":1,"22":1,"23":1,"24":1,"25":1,"26":1,"27":1,"28":1,"29":1,"30":1,"31":1,"32":1,"33":1,"34":1,"35":1,"36":1,"37":1,"38":1,"39":1,"40":1,"41":1,"42":1,"43":1,"44":1,"45":1,"46":1,"47":1,"48":1,"49":1,"50":1,"51":1,"52":1,"53":1,"54":1,"55":1,"56":1,"57":1,"58":1,"60":1,"61":1,"62":1,"63":1,"64":1,"65":1,"66":1,"67":1,"68":1,"69":1,"70":1,"71":1,"72":1,"73":1,"74":1,"75":1,"76":1,"77":1,"78":1,"79":1,"80":1,"81":1,"82":1,"83":1,"84":1,"85":1,"86":1,"87":1,"88":1,"89":1,"90":1,"91":1,"92":1,"93":1,"94":1,"95":1,"96":1,"97":1,"98":1,"99":1,"100":1,"101":1,"103":1,"104":1,"105":1,"106":1,"107":1,"108":1,"109":1,"110":1,"111":1,"112":1,"113":1,"114":1,"115":1,"116":1,"117":1,"118":1,"119":1,"120":1,"121":1,"122":1},"branchMap":{},"b":{},"fnMap":{},"f":{}}
,"/home/jahid/workspace/devops-frontend/src/hooks/useWeatherData.ts": {"path":"/home/jahid/workspace/devops-frontend/src/hooks/useWeatherData.ts","all":false,"statementMap":{"0":{"start":{"line":1,"column":0},"end":{"line":1,"column":44}},"2":{"start":{"line":3,"column":0},"end":{"line":3,"column":54}},"4":{"start":{"line":5,"column":0},"end":{"line":5,"column":37}},"5":{"start":{"line":6,"column":0},"end":{"line":6,"column":68}},"6":{"start":{"line":7,"column":0},"end":{"line":7,"column":47}},"7":{"start":{"line":8,"column":0},"end":{"line":8,"column":58}},"9":{"start":{"line":10,"column":0},"end":{"line":10,"column":40}},"10":{"start":{"line":11,"column":0},"end":{"line":11,"column":9}},"11":{"start":{"line":12,"column":0},"end":{"line":12,"column":23}},"12":{"start":{"line":13,"column":0},"end":{"line":13,"column":21}},"15":{"start":{"line":16,"column":0},"end":{"line":16,"column":62}},"18":{"start":{"line":19,"column":0},"end":{"line":19,"column":56}},"19":{"start":{"line":20,"column":0},"end":{"line":20,"column":16}},"20":{"start":{"line":21,"column":0},"end":{"line":21,"column":78}},"21":{"start":{"line":22,"column":0},"end":{"line":22,"column":27}},"22":{"start":{"line":23,"column":0},"end":{"line":23,"column":13}},"23":{"start":{"line":24,"column":0},"end":{"line":24,"column":78}},"24":{"start":{"line":25,"column":0},"end":{"line":25,"column":10}},"25":{"start":{"line":26,"column":0},"end":{"line":26,"column":28}},"26":{"start":{"line":27,"column":0},"end":{"line":27,"column":12}},"27":{"start":{"line":28,"column":0},"end":{"line":28,"column":64}},"28":{"start":{"line":29,"column":0},"end":{"line":29,"column":10}},"29":{"start":{"line":30,"column":0},"end":{"line":30,"column":46}},"30":{"start":{"line":31,"column":0},"end":{"line":31,"column":10}},"32":{"start":{"line":33,"column":0},"end":{"line":33,"column":34}},"33":{"start":{"line":34,"column":0},"end":{"line":34,"column":19}},"34":{"start":{"line":35,"column":0},"end":{"line":35,"column":54}},"35":{"start":{"line":36,"column":0},"end":{"line":36,"column":47}},"36":{"start":{"line":37,"column":0},"end":{"line":37,"column":15}},"37":{"start":{"line":38,"column":0},"end":{"line":38,"column":24}},"38":{"start":{"line":39,"column":0},"end":{"line":39,"column":5}},"39":{"start":{"line":40,"column":0},"end":{"line":40,"column":4}},"41":{"start":{"line":42,"column":0},"end":{"line":42,"column":29}},"42":{"start":{"line":43,"column":0},"end":{"line":43,"column":23}},"43":{"start":{"line":44,"column":0},"end":{"line":44,"column":4}},"45":{"start":{"line":46,"column":0},"end":{"line":46,"column":58}},"46":{"start":{"line":47,"column":0},"end":{"line":47,"column":34}},"47":{"start":{"line":48,"column":0},"end":{"line":48,"column":18}},"48":{"start":{"line":49,"column":0},"end":{"line":49,"column":21}},"49":{"start":{"line":50,"column":0},"end":{"line":50,"column":6}},"50":{"start":{"line":51,"column":0},"end":{"line":51,"column":47}},"51":{"start":{"line":52,"column":0},"end":{"line":52,"column":4}},"53":{"start":{"line":54,"column":0},"end":{"line":54,"column":38}},"54":{"start":{"line":55,"column":0},"end":{"line":55,"column":64}},"55":{"start":{"line":56,"column":0},"end":{"line":56,"column":4}},"57":{"start":{"line":58,"column":0},"end":{"line":58,"column":19}},"58":{"start":{"line":59,"column":0},"end":{"line":59,"column":23}},"59":{"start":{"line":60,"column":0},"end":{"line":60,"column":9}},"61":{"start":{"line":62,"column":0},"end":{"line":62,"column":10}},"62":{"start":{"line":63,"column":0},"end":{"line":63,"column":16}},"63":{"start":{"line":64,"column":0},"end":{"line":64,"column":12}},"64":{"start":{"line":65,"column":0},"end":{"line":65,"column":10}},"65":{"start":{"line":66,"column":0},"end":{"line":66,"column":16}},"66":{"start":{"line":67,"column":0},"end":{"line":67,"column":12}},"67":{"start":{"line":68,"column":0},"end":{"line":68,"column":15}},"68":{"start":{"line":69,"column":0},"end":{"line":69,"column":4}},"69":{"start":{"line":70,"column":0},"end":{"line":70,"column":2}}},"s":{"0":1,"2":1,"4":1,"5":9,"6":9,"7":9,"9":9,"10":4,"11":4,"12":4,"15":4,"18":0,"19":0,"20":0,"21":0,"22":0,"23":0,"24":0,"25":0,"26":0,"27":0,"28":0,"29":0,"30":0,"32":0,"33":0,"34":0,"35":0,"36":0,"37":0,"38":0,"39":4,"41":9,"42":0,"43":0,"45":9,"46":4,"47":4,"48":4,"49":4,"50":4,"51":4,"53":9,"54":1,"55":1,"57":9,"58":4,"59":9,"61":9,"62":9,"63":9,"64":9,"65":9,"66":9,"67":9,"68":9,"69":9},"branchMap":{"0":{"type":"branch","line":5,"loc":{"start":{"line":5,"column":30},"end":{"line":70,"column":2}},"locations":[{"start":{"line":5,"column":30},"end":{"line":70,"column":2}}]},"1":{"type":"branch","line":10,"loc":{"start":{"line":10,"column":27},"end":{"line":40,"column":4}},"locations":[{"start":{"line":10,"column":27},"end":{"line":40,"column":4}}]},"2":{"type":"branch","line":16,"loc":{"start":{"line":16,"column":60},"end":{"line":39,"column":5}},"locations":[{"start":{"line":16,"column":60},"end":{"line":39,"column":5}}]},"3":{"type":"branch","line":16,"loc":{"start":{"line":16,"column":24},"end":{"line":16,"column":60}},"locations":[{"start":{"line":16,"column":24},"end":{"line":16,"column":60}}]},"4":{"type":"branch","line":46,"loc":{"start":{"line":46,"column":18},"end":{"line":52,"column":4}},"locations":[{"start":{"line":46,"column":18},"end":{"line":52,"column":4}}]},"5":{"type":"branch","line":51,"loc":{"start":{"line":51,"column":19},"end":{"line":51,"column":45}},"locations":[{"start":{"line":51,"column":19},"end":{"line":51,"column":45}}]},"6":{"type":"branch","line":54,"loc":{"start":{"line":54,"column":21},"end":{"line":56,"column":4}},"locations":[{"start":{"line":54,"column":21},"end":{"line":56,"column":4}}]},"7":{"type":"branch","line":55,"loc":{"start":{"line":55,"column":19},"end":{"line":55,"column":62}},"locations":[{"start":{"line":55,"column":19},"end":{"line":55,"column":62}}]},"8":{"type":"branch","line":55,"loc":{"start":{"line":55,"column":39},"end":{"line":55,"column":61}},"locations":[{"start":{"line":55,"column":39},"end":{"line":55,"column":61}}]},"9":{"type":"branch","line":58,"loc":{"start":{"line":58,"column":12},"end":{"line":60,"column":5}},"locations":[{"start":{"line":58,"column":12},"end":{"line":60,"column":5}}]}},"b":{"0":[9],"1":[4],"2":[0],"3":[4],"4":[4],"5":[4],"6":[1],"7":[1],"8":[1],"9":[4]},"fnMap":{"0":{"name":"useWeatherData","decl":{"start":{"line":5,"column":30},"end":{"line":70,"column":2}},"loc":{"start":{"line":5,"column":30},"end":{"line":70,"column":2}},"line":5},"1":{"name":"fetchWeatherData","decl":{"start":{"line":10,"column":27},"end":{"line":40,"column":4}},"loc":{"start":{"line":10,"column":27},"end":{"line":40,"column":4}},"line":10},"2":{"name":"__vite_ssr_import_1__.mockWeatherData.map","decl":{"start":{"line":16,"column":24},"end":{"line":16,"column":60}},"loc":{"start":{"line":16,"column":24},"end":{"line":16,"column":60}},"line":16},"3":{"name":"refreshData","decl":{"start":{"line":42,"column":22},"end":{"line":44,"column":4}},"loc":{"start":{"line":42,"column":22},"end":{"line":44,"column":4}},"line":42},"4":{"name":"addCity","decl":{"start":{"line":46,"column":18},"end":{"line":52,"column":4}},"loc":{"start":{"line":46,"column":18},"end":{"line":52,"column":4}},"line":46},"5":{"name":"removeCity","decl":{"start":{"line":54,"column":21},"end":{"line":56,"column":4}},"loc":{"start":{"line":54,"column":21},"end":{"line":56,"column":4}},"line":54}},"f":{"0":9,"1":4,"2":4,"3":0,"4":4,"5":1}}
,"/home/jahid/workspace/devops-frontend/src/types/weather.ts": {"path":"/home/jahid/workspace/devops-frontend/src/types/weather.ts","all":true,"statementMap":{},"s":{},"branchMap":{"0":{"type":"branch","line":1,"loc":{"start":{"line":1,"column":620},"end":{"line":34,"column":1}},"locations":[{"start":{"line":1,"column":620},"end":{"line":34,"column":1}}]}},"b":{"0":[1]},"fnMap":{"0":{"name":"(empty-report)","decl":{"start":{"line":1,"column":620},"end":{"line":34,"column":1}},"loc":{"start":{"line":1,"column":620},"end":{"line":34,"column":1}},"line":1}},"f":{"0":1}}
,"/home/jahid/workspace/devops-frontend/src/utils/weather.ts": {"path":"/home/jahid/workspace/devops-frontend/src/utils/weather.ts","all":false,"statementMap":{"2":{"start":{"line":3,"column":0},"end":{"line":3,"column":34}},"3":{"start":{"line":4,"column":0},"end":{"line":4,"column":15}},"4":{"start":{"line":5,"column":0},"end":{"line":5,"column":23}},"5":{"start":{"line":6,"column":0},"end":{"line":6,"column":14}},"6":{"start":{"line":7,"column":0},"end":{"line":7,"column":21}},"7":{"start":{"line":8,"column":0},"end":{"line":8,"column":50}},"8":{"start":{"line":9,"column":0},"end":{"line":9,"column":3}},"9":{"start":{"line":10,"column":0},"end":{"line":10,"column":33}},"10":{"start":{"line":11,"column":0},"end":{"line":11,"column":2}},"12":{"start":{"line":13,"column":0},"end":{"line":13,"column":59}},"13":{"start":{"line":14,"column":0},"end":{"line":14,"column":59}},"14":{"start":{"line":15,"column":0},"end":{"line":15,"column":20}},"15":{"start":{"line":16,"column":0},"end":{"line":16,"column":22}},"16":{"start":{"line":17,"column":0},"end":{"line":17,"column":5}},"17":{"start":{"line":18,"column":0},"end":{"line":18,"column":2}},"19":{"start":{"line":20,"column":0},"end":{"line":20,"column":59}},"20":{"start":{"line":21,"column":0},"end":{"line":21,"column":59}},"21":{"start":{"line":22,"column":0},"end":{"line":22,"column":21}},"22":{"start":{"line":23,"column":0},"end":{"line":23,"column":19}},"23":{"start":{"line":24,"column":0},"end":{"line":24,"column":19}},"24":{"start":{"line":25,"column":0},"end":{"line":25,"column":5}},"25":{"start":{"line":26,"column":0},"end":{"line":26,"column":2}},"27":{"start":{"line":28,"column":0},"end":{"line":28,"column":62}},"28":{"start":{"line":29,"column":0},"end":{"line":29,"column":43}},"29":{"start":{"line":30,"column":0},"end":{"line":30,"column":16}},"30":{"start":{"line":31,"column":0},"end":{"line":31,"column":17}},"31":{"start":{"line":32,"column":0},"end":{"line":32,"column":17}},"32":{"start":{"line":33,"column":0},"end":{"line":33,"column":16}},"33":{"start":{"line":34,"column":0},"end":{"line":34,"column":17}},"34":{"start":{"line":35,"column":0},"end":{"line":35,"column":17}},"35":{"start":{"line":36,"column":0},"end":{"line":36,"column":16}},"36":{"start":{"line":37,"column":0},"end":{"line":37,"column":25}},"37":{"start":{"line":38,"column":0},"end":{"line":38,"column":4}},"38":{"start":{"line":39,"column":0},"end":{"line":39,"column":51}},"39":{"start":{"line":40,"column":0},"end":{"line":40,"column":2}},"41":{"start":{"line":42,"column":0},"end":{"line":42,"column":68}},"42":{"start":{"line":43,"column":0},"end":{"line":43,"column":66}},"44":{"start":{"line":45,"column":0},"end":{"line":45,"column":58}},"45":{"start":{"line":46,"column":0},"end":{"line":46,"column":55}},"46":{"start":{"line":47,"column":0},"end":{"line":47,"column":27}},"47":{"start":{"line":48,"column":0},"end":{"line":48,"column":2}},"49":{"start":{"line":50,"column":0},"end":{"line":50,"column":62}},"50":{"start":{"line":51,"column":0},"end":{"line":51,"column":39}},"51":{"start":{"line":52,"column":0},"end":{"line":52,"column":40}},"52":{"start":{"line":53,"column":0},"end":{"line":53,"column":41}},"53":{"start":{"line":54,"column":0},"end":{"line":54,"column":42}},"54":{"start":{"line":55,"column":0},"end":{"line":55,"column":42}},"55":{"start":{"line":56,"column":0},"end":{"line":56,"column":24}},"56":{"start":{"line":57,"column":0},"end":{"line":57,"column":2}},"58":{"start":{"line":59,"column":0},"end":{"line":59,"column":65}},"59":{"start":{"line":60,"column":0},"end":{"line":60,"column":10}},"60":{"start":{"line":61,"column":0},"end":{"line":61,"column":28}},"61":{"start":{"line":62,"column":0},"end":{"line":62,"column":29}},"62":{"start":{"line":63,"column":0},"end":{"line":63,"column":26}},"63":{"start":{"line":64,"column":0},"end":{"line":64,"column":22}},"65":{"start":{"line":66,"column":0},"end":{"line":66,"column":2}}},"s":{"2":1,"3":93,"4":93,"5":93,"6":93,"7":3,"8":3,"9":90,"10":90,"12":1,"13":16,"14":16,"15":16,"16":16,"17":16,"19":1,"20":29,"21":29,"22":29,"23":29,"24":29,"25":29,"27":1,"28":9,"29":9,"30":9,"31":9,"32":9,"33":9,"34":9,"35":9,"36":9,"37":9,"38":9,"39":9,"41":1,"42":8,"44":8,"45":8,"46":8,"47":8,"49":1,"50":21,"51":21,"52":21,"53":21,"54":7,"55":1,"56":1,"58":1,"59":5,"60":5,"61":4,"62":3,"63":2,"65":5},"branchMap":{"0":{"type":"branch","line":3,"loc":{"start":{"line":3,"column":33},"end":{"line":11,"column":2}},"locations":[{"start":{"line":3,"column":33},"end":{"line":11,"column":2}}]},"1":{"type":"branch","line":7,"loc":{"start":{"line":7,"column":20},"end":{"line":9,"column":3}},"locations":[{"start":{"line":7,"column":20},"end":{"line":9,"column":3}}]},"2":{"type":"branch","line":9,"loc":{"start":{"line":9,"column":2},"end":{"line":11,"column":2}},"locations":[{"start":{"line":9,"column":2},"end":{"line":11,"column":2}}]},"3":{"type":"branch","line":13,"loc":{"start":{"line":13,"column":26},"end":{"line":18,"column":2}},"locations":[{"start":{"line":13,"column":26},"end":{"line":18,"column":2}}]},"4":{"type":"branch","line":20,"loc":{"start":{"line":20,"column":26},"end":{"line":26,"column":2}},"locations":[{"start":{"line":20,"column":26},"end":{"line":26,"column":2}}]},"5":{"type":"branch","line":28,"loc":{"start":{"line":28,"column":30},"end":{"line":40,"column":2}},"locations":[{"start":{"line":28,"column":30},"end":{"line":40,"column":2}}]},"6":{"type":"branch","line":39,"loc":{"start":{"line":39,"column":40},"end":{"line":39,"column":51}},"locations":[{"start":{"line":39,"column":40},"end":{"line":39,"column":51}}]},"7":{"type":"branch","line":42,"loc":{"start":{"line":42,"column":38},"end":{"line":48,"column":2}},"locations":[{"start":{"line":42,"column":38},"end":{"line":48,"column":2}}]},"8":{"type":"branch","line":50,"loc":{"start":{"line":50,"column":35},"end":{"line":57,"column":2}},"locations":[{"start":{"line":50,"column":35},"end":{"line":57,"column":2}}]},"9":{"type":"branch","line":51,"loc":{"start":{"line":51,"column":16},"end":{"line":51,"column":39}},"locations":[{"start":{"line":51,"column":16},"end":{"line":51,"column":39}}]},"10":{"type":"branch","line":51,"loc":{"start":{"line":51,"column":23},"end":{"line":52,"column":24}},"locations":[{"start":{"line":51,"column":23},"end":{"line":52,"column":24}}]},"11":{"type":"branch","line":52,"loc":{"start":{"line":52,"column":17},"end":{"line":52,"column":40}},"locations":[{"start":{"line":52,"column":17},"end":{"line":52,"column":40}}]},"12":{"type":"branch","line":52,"loc":{"start":{"line":52,"column":24},"end":{"line":53,"column":24}},"locations":[{"start":{"line":52,"column":24},"end":{"line":53,"column":24}}]},"13":{"type":"branch","line":53,"loc":{"start":{"line":53,"column":17},"end":{"line":53,"column":41}},"locations":[{"start":{"line":53,"column":17},"end":{"line":53,"column":41}}]},"14":{"type":"branch","line":53,"loc":{"start":{"line":53,"column":24},"end":{"line":54,"column":24}},"locations":[{"start":{"line":53,"column":24},"end":{"line":54,"column":24}}]},"15":{"type":"branch","line":54,"loc":{"start":{"line":54,"column":17},"end":{"line":54,"column":42}},"locations":[{"start":{"line":54,"column":17},"end":{"line":54,"column":42}}]},"16":{"type":"branch","line":54,"loc":{"start":{"line":54,"column":24},"end":{"line":57,"column":2}},"locations":[{"start":{"line":54,"column":24},"end":{"line":57,"column":2}}]},"17":{"type":"branch","line":54,"loc":{"start":{"line":54,"column":24},"end":{"line":55,"column":42}},"locations":[{"start":{"line":54,"column":24},"end":{"line":55,"column":42}}]},"18":{"type":"branch","line":54,"loc":{"start":{"line":54,"column":24},"end":{"line":55,"column":24}},"locations":[{"start":{"line":54,"column":24},"end":{"line":55,"column":24}}]},"19":{"type":"branch","line":55,"loc":{"start":{"line":55,"column":17},"end":{"line":55,"column":42}},"locations":[{"start":{"line":55,"column":17},"end":{"line":55,"column":42}}]},"20":{"type":"branch","line":55,"loc":{"start":{"line":55,"column":24},"end":{"line":57,"column":2}},"locations":[{"start":{"line":55,"column":24},"end":{"line":57,"column":2}}]},"21":{"type":"branch","line":59,"loc":{"start":{"line":59,"column":32},"end":{"line":66,"column":2}},"locations":[{"start":{"line":59,"column":32},"end":{"line":66,"column":2}}]},"22":{"type":"branch","line":61,"loc":{"start":{"line":61,"column":23},"end":{"line":62,"column":29}},"locations":[{"start":{"line":61,"column":23},"end":{"line":62,"column":29}}]},"23":{"type":"branch","line":62,"loc":{"start":{"line":62,"column":23},"end":{"line":63,"column":26}},"locations":[{"start":{"line":62,"column":23},"end":{"line":63,"column":26}}]},"24":{"type":"branch","line":63,"loc":{"start":{"line":63,"column":21},"end":{"line":64,"column":22}},"locations":[{"start":{"line":63,"column":21},"end":{"line":64,"column":22}}]}},"b":{"0":[93],"1":[3],"2":[90],"3":[16],"4":[29],"5":[9],"6":[2],"7":[8],"8":[21],"9":[1],"10":[20],"11":[1],"12":[19],"13":[1],"14":[18],"15":[15],"16":[14],"17":[7],"18":[3],"19":[2],"20":[1],"21":[5],"22":[4],"23":[3],"24":[2]},"fnMap":{"0":{"name":"formatTemperature","decl":{"start":{"line":3,"column":33},"end":{"line":11,"column":2}},"loc":{"start":{"line":3,"column":33},"end":{"line":11,"column":2}},"line":3},"1":{"name":"formatTime","decl":{"start":{"line":13,"column":26},"end":{"line":18,"column":2}},"loc":{"start":{"line":13,"column":26},"end":{"line":18,"column":2}},"line":13},"2":{"name":"formatDate","decl":{"start":{"line":20,"column":26},"end":{"line":26,"column":2}},"loc":{"start":{"line":20,"column":26},"end":{"line":26,"column":2}},"line":20},"3":{"name":"getWeatherIcon","decl":{"start":{"line":28,"column":30},"end":{"line":40,"column":2}},"loc":{"start":{"line":28,"column":30},"end":{"line":40,"column":2}},"line":28},"4":{"name":"calculateWindDirection","decl":{"start":{"line":42,"column":38},"end":{"line":48,"column":2}},"loc":{"start":{"line":42,"column":38},"end":{"line":48,"column":2}},"line":42},"5":{"name":"getTemperatureColor","decl":{"start":{"line":50,"column":35},"end":{"line":57,"column":2}},"loc":{"start":{"line":50,"column":35},"end":{"line":57,"column":2}},"line":50},"6":{"name":"isExtremeWeather","decl":{"start":{"line":59,"column":32},"end":{"line":66,"column":2}},"loc":{"start":{"line":59,"column":32},"end":{"line":66,"column":2}},"line":59}},"f":{"0":93,"1":16,"2":29,"3":9,"4":8,"5":21,"6":5}}
}
